<?xml version="1.0" encoding="UTF-8"?>
<!-- Generated by org.testng.reporters.JUnitXMLReporter -->
<testsuite ignored="1" hostname="LAPTOP-H2H8QD76" failures="0" tests="5" name="ButtonUITest" time="5.725" errors="0" timestamp="2021-10-11T09:25:25 IST">
  <testcase classname="com.seleniumtraining.test.VerifyButtonOperations" name="pageTitleValidation" time="0.244"/>
  <testcase classname="com.seleniumtraining.test.VerifyButtonOperations" name="pditFieldValidation" time="0.04"/>
  <testcase classname="com.seleniumtraining.test.VerifyButtonOperations" name="movetoElement" time="0.161"/>
  <testcase classname="com.seleniumtraining.test.VerifyButtonOperations" name="colorValidate" time="0.038"/>
  <testcase classname="com.seleniumtraining.test.VerifyButtonOperations" name="sizeValidate" time="0.021"/>
  <testcase classname="com.seleniumtraining.test.VerifyButtonOperations" name="DuplicatesizeValidates" time="0.0">
    <ignored/>
  </testcase> <!-- DuplicatesizeValidates -->
</testsuite> <!-- ButtonUITest -->
