<?xml version="1.0" encoding="UTF-8"?>
<!-- Generated by org.testng.reporters.JUnitXMLReporter -->
<testsuite ignored="6" hostname="LAPTOP-H2H8QD76" failures="0" tests="0" time="0.01" errors="0" timestamp="2021-11-11T23:54:22 IST">
  <testcase classname="com.seleniumtraining.test.VerifyButtonOperations" name="pageTitleValidation" time="0.0">
    <ignored/>
  </testcase> <!-- pageTitleValidation -->
  <testcase classname="com.seleniumtraining.test.VerifyButtonOperations" name="colorValidate" time="0.0">
    <ignored/>
  </testcase> <!-- colorValidate -->
  <testcase classname="com.seleniumtraining.test.VerifyButtonOperations" name="sizeValidate" time="0.0">
    <ignored/>
  </testcase> <!-- sizeValidate -->
  <testcase classname="com.seleniumtraining.test.VerifyButtonOperations" name="movetoElement" time="0.0">
    <ignored/>
  </testcase> <!-- movetoElement -->
  <testcase classname="com.seleniumtraining.test.VerifyButtonOperations" name="DuplicatesizeValidates" time="0.0">
    <ignored/>
  </testcase> <!-- DuplicatesizeValidates -->
  <testcase classname="com.seleniumtraining.test.VerifyButtonOperations" name="pditFieldValidation" time="0.0">
    <ignored/>
  </testcase> <!-- pditFieldValidation -->
</testsuite>
