<?xml version="1.0" encoding="UTF-8"?>
<!-- Generated by org.testng.reporters.JUnitXMLReporter -->
<testsuite ignored="5" hostname="LAPTOP-H2H8QD76" failures="0" tests="4" name="ButtonandButtonTest" time="0.445" errors="0" timestamp="2021-10-08T21:37:04 IST">
  <testcase classname="buttonObjectsUsingPF.ButtonValidation" name="pageTitleValidation" time="0.24"/>
  <testcase classname="buttonObjectsUsingPF.ButtonValidation" name="colorValidate" time="0.047"/>
  <testcase classname="buttonObjectsUsingPF.ButtonValidation" name="DuplicatesizeValidates" time="0.046"/>
  <testcase classname="buttonObjectsUsingPF.ButtonValidation" name="sizeValidate" time="0.034"/>
  <testcase classname="buttonObjectsUsingPF.ButtonValidation" name="pditFieldValidation" time="0.0">
    <ignored/>
  </testcase> <!-- pditFieldValidation -->
  <testcase classname="editObjectsUsingPOM.EditButtonValidation" name="EditFieldValidation" time="0.0">
    <ignored/>
  </testcase> <!-- EditFieldValidation -->
  <testcase classname="buttonObjectsUsingPF.ButtonValidation" name="movetoElement" time="0.0">
    <ignored/>
  </testcase> <!-- movetoElement -->
  <testcase classname="editObjectsUsingPOM.Baseclass" name="@BeforeSuite launchApplication" time="0.0">
    <ignored/>
  </testcase> <!-- @BeforeSuite launchApplication -->
  <testcase classname="editObjectsUsingPOM.EditButtonValidation" name="PageTitleValidation" time="0.0">
    <ignored/>
  </testcase> <!-- PageTitleValidation -->
</testsuite> <!-- ButtonandButtonTest -->
