<?xml version="1.0" encoding="UTF-8"?>
<!-- Generated by org.testng.reporters.JUnitXMLReporter -->
<testsuite ignored="2" hostname="LAPTOP-H2H8QD76" failures="0" tests="0" time="0.002" errors="0" timestamp="2021-10-09T19:39:45 IST">
  <testcase classname="editObjectsUsingPOM.EditButtonValidation" name="EditFieldValidation" time="0.0">
    <ignored/>
  </testcase> <!-- EditFieldValidation -->
  <testcase classname="editObjectsUsingPOM.EditButtonValidation" name="PageTitleValidation" time="0.0">
    <ignored/>
  </testcase> <!-- PageTitleValidation -->
</testsuite>
