<?xml version="1.0" encoding="UTF-8"?>
<!-- Generated by org.testng.reporters.JUnitXMLReporter -->
<testsuite ignored="0" hostname="LAPTOP-H2H8QD76" failures="0" tests="18" name="Default test" time="0.503" errors="0" timestamp="2021-10-19T18:36:08 IST">
  <testcase classname="Locators.DataProviderExcel" name="receiveData" time="0.005"/>
  <testcase classname="Locators.DataProviderExcel" name="receiveData" time="0.001"/>
  <testcase classname="Locators.DataProviderExcel" name="receiveData" time="0.001"/>
  <testcase classname="Locators.DataProviderExcel" name="receiveData" time="0.001"/>
  <testcase classname="Locators.DataProviderExcel" name="receiveData" time="0.0"/>
  <testcase classname="Locators.DataProviderExcel" name="receiveData" time="0.001"/>
  <testcase classname="Locators.DataProviderExcel" name="receiveData" time="0.001"/>
  <testcase classname="Locators.DataProviderExcel" name="receiveData" time="0.001"/>
  <testcase classname="Locators.DataProviderExcel" name="receiveData" time="0.001"/>
  <testcase classname="Locators.DataProviderExcel" name="receiveData" time="0.001"/>
  <testcase classname="Locators.DataProviderExcel" name="receiveData" time="0.001"/>
  <testcase classname="Locators.DataProviderExcel" name="receiveData" time="0.001"/>
  <testcase classname="Locators.DataProviderExcel" name="receiveData" time="0.001"/>
  <testcase classname="Locators.DataProviderExcel" name="receiveData" time="0.001"/>
  <testcase classname="Locators.DataProviderExcel" name="receiveData" time="0.001"/>
  <testcase classname="Locators.DataProviderExcel" name="receiveData" time="0.001"/>
  <testcase classname="Locators.DataProviderExcel" name="receiveData" time="0.001"/>
  <testcase classname="Locators.DataProviderExcel" name="receiveData" time="0.002"/>
</testsuite> <!-- Default test -->
